2025-09-27 12:19:05 [INFO] - Calculator application started.
2025-09-27 12:19:11 [INFO] - START OP: Square Root
2025-09-27 12:19:14 [INFO] - [SUCCESS] √16.0 = 4.0
2025-09-27 12:19:14 [INFO] - END OP: Square Root
2025-09-27 12:19:15 [INFO] - START OP: Factorial
2025-09-27 12:19:16 [INFO] - [SUCCESS] 5! = 120
2025-09-27 12:19:16 [INFO] - END OP: Factorial
2025-09-27 12:19:17 [INFO] - START OP: Natural Log
2025-09-27 12:19:18 [INFO] - [SUCCESS] ln(4.0) = 1.3862943611198906
2025-09-27 12:19:18 [INFO] - END OP: Natural Log
2025-09-27 12:19:20 [INFO] - START OP: Power
2025-09-27 12:19:22 [INFO] - [SUCCESS] 2.0^5.0 = 32.0
2025-09-27 12:19:22 [INFO] - END OP: Power
2025-09-27 12:19:23 [INFO] - Calculator application exiting.
2025-09-27 12:33:58 [INFO] - Calculator application started.
2025-09-27 12:34:00 [WARNING] - Invalid menu choice: s
2025-09-27 14:42:44 [INFO] - Calculator application started.
2025-09-27 14:42:46 [INFO] - START OP: Square Root
2025-09-27 14:42:49 [ERROR] - [FAILURE] Cannot calculate square root of a negative number.
2025-09-27 14:42:49 [INFO] - END OP: Square Root
2025-09-27 14:42:56 [INFO] - START OP: Factorial
2025-09-27 14:42:58 [ERROR] - [FAILURE] invalid literal for int() with base 10: 't'
2025-09-27 14:42:58 [INFO] - END OP: Factorial
2025-09-27 14:43:03 [INFO] - START OP: Power
2025-09-27 14:43:07 [INFO] - [SUCCESS] -6.0^3.0 = -216.0
2025-09-27 14:43:07 [INFO] - END OP: Power
